<?xml version="1.0" encoding="UTF-8"?>
<testsuite name="unittests.RandomStringTest" tests="1" skipped="0" failures="0" errors="0" timestamp="2017-03-02T11:49:47" hostname="Krishnanands-MacBook-Pro-2.local" time="0.001">
  <properties/>
  <testcase name="randomStringTest" classname="unittests.RandomStringTest" time="0.001"/>
  <system-out><![CDATA[xExou
nrztO
NeVJW
]]></system-out>
  <system-err><![CDATA[]]></system-err>
</testsuite>
