<?xml version="1.0" encoding="UTF-8"?>
<testsuite name="unittests.JsonDataValidation" tests="2" skipped="0" failures="0" errors="0" timestamp="2017-03-02T11:49:47" hostname="Krishnanands-MacBook-Pro-2.local" time="0.103">
  <properties/>
  <testcase name="verifyValidCardDetails" classname="unittests.JsonDataValidation" time="0.098"/>
  <testcase name="verifyLuggageDetails" classname="unittests.JsonDataValidation" time="0.005"/>
  <system-out><![CDATA[]]></system-out>
  <system-err><![CDATA[]]></system-err>
</testsuite>
