<?xml version="1.0" encoding="UTF-8"?>
<testsuite name="unittests.ADBTest" tests="1" skipped="0" failures="0" errors="0" timestamp="2017-03-02T11:49:47" hostname="Krishnanands-MacBook-Pro-2.local" time="0.025">
  <properties/>
  <testcase name="osTest" classname="unittests.ADBTest" time="0.025"/>
  <system-out><![CDATA[[Ljava.lang.String;@5059fd3
]]></system-out>
  <system-err><![CDATA[]]></system-err>
</testsuite>
