<?xml version="1.0" encoding="UTF-8"?>
<testsuite name="unittests.CurrencyTest" tests="1" skipped="0" failures="0" errors="0" timestamp="2017-03-06T08:57:05" hostname="Krishnanands-MacBook-Pro-2.local" time="0.001">
  <properties/>
  <testcase name="testCurrency" classname="unittests.CurrencyTest" time="0.001"/>
  <system-out><![CDATA[Â£
]]></system-out>
  <system-err><![CDATA[]]></system-err>
</testsuite>
